2026-03-04T00:48:57.552Z [console][error] {}
2026-03-04T00:48:57.541Z [network][POST 0] https://xzswudblciczfagmdavy.supabase.co/auth/v1/token?grant_type=password
  request: {"email":"jgouiza@gmail.com","password":"Jad2009*","gotrue_meta_security":{}}
  response: Request failed: Failed to fetch
2026-03-04T00:48:57.848Z [network][POST 200] /__nextjs_original-stack-frames
  request: {"frames":[{"file":"https://3000-f30fa3c3-90b3-4554-b5fe-9b020627dc8e.orchids.cloud/","methodName":"window.fetch","arguments":[],"lineNumber":23,"column":19},{"file":"https://slelguoygbfzlpylpxfs.supabase.co/storage/v1/object/public/scripts/orchids-browser-logs.js","methodName":"window.fetch","arguments":[],"lineNumber":223,"column":46},{"file":"file:///home/user/app/.next/static/chunks/45749_%40supabase_auth-js_dist_module_3127f8d2._.js","methodName":"<unknown>","arguments":[],"lineNumber":542,"column":23},{"file":"file:///home/user/app/.next/static/chunks/45749_%40supabase_auth-js_dist_module_3127f8d2._.js","methodName":"_handleRequest","arguments":[],"lineNumber":890,"column":24},{"file":"file:///home/user/app/.next/static/chunks/45749_%40supabase_auth-js_dist_module_3127f8d2._.js","methodName":"_request","arguments":[],"lineNumber":877,"column":24},{"file":"file:///home/user/app/.next/static/chunks/45749_%40supabase_auth-js_dist_module_3127f8d2._.js","methodName":"SupabaseAuthClient.signInWithPassword","arguments":[],"lineNumber":3124,"column":234},{"file":"file:///home/user/app/.next/static/chunks/user_app_src_components_beb614a2._.js","methodName":"handleAuth","arguments":[],"lineNumber":5254,"column":195},{"file":"file:///home/user/app/.next/static/chunks/45749_next_dist_compiled_19d9bb24._.js","methodName":"executeDispatch","arguments":[],"lineNumber":10906,"column":13},{"file":"file:///home/user/app/.next/static/chunks/45749_next_dist_compiled_19d9bb24._.js","methodName":"runWithFiberInDEV","arguments":[],"lineNumber":3073,"column":74},{"file":"file:///home/user/app/.next/static/chunks/45749_next_dist_compiled_19d9bb24._.js","methodName":"processDispatchQueue","arguments":[],"lineNumber":10932,"column":41},{"file":"file:///home/user/app/.next/static/chunks/45749_next_dist_compiled_19d9bb24._.js","methodName":"<unknown>","arguments":[],"lineNumber":11223,"column":13},{"file":"file:///home/user/app/.next/static/chunks/45749_next_dist_compiled_19d9bb24._.js","... [truncated]
  response: [{"status":"rejected","reason":"[Error: Unknown url scheme\n\nDebug info:\n- Execution of TaskId { id: 2147483714 } transient failed\n- Execution of get_source_map_operation failed\n- Execution of get_source_map_rope failed\n- Unknown url scheme] {\n  code: 'GenericFailure'\n}"},{"status":"rejected","reason":"[Error: Unknown url scheme\n\nDebug info:\n- Execution of TaskId { id: 2147483715 } transient failed\n- Execution of get_source_map_operation failed\n- Execution of get_source_map_rope failed\n- Unknown url scheme] {\n  code: 'GenericFailure'\n}"},{"status":"rejected","reason":"[Error: Original file (../../../src/lib/helpers.ts) outside project (file:///home/)\n\nDebug info:\n- Execution of TaskId { id: 2147483713 } transient failed\n- Original file (../../../src/lib/helpers.ts) outside project (file:///home/)] {\n  code: 'GenericFailure'\n}"},{"status":"rejected","reason":"[Error: Original file (../../../src/lib/fetch.ts) outside project (file:///home/)\n\nDebug info:\n- Execution of TaskId { id: 2147483719 } transient failed\n- Original file (../../../src/lib/fetch.ts) outside project (file:///home/)] {\n  code: 'GenericFailure'\n}"},{"status":"rejected","reason":"[Error: Original file (../../../src/lib/fetch.ts) outside project (file:///home/)\n\nDebug info:\n- Execution of TaskId { id: 2147483718 } transient failed\n- Original file (../../../src/lib/fetch.ts) outside project (file:///home/)] {\n  code: 'GenericFailure'\n}"},{"status":"rejected","reason":"[Error: Original file (../../src/GoTrueClient.ts) outside project (file:///home/)\n\nDebug info:\n- Execution of TaskId { id: 2147483716 } transient failed\n- Original file (../../src/GoTrueClient.ts) outside project (file:///home/)] {\n  code: 'GenericFailure'\n}"},{"status":"rejected","reason":"[Error: Original file () outside project (file:///home/)\n\nDebug info:\n- Execution of TaskId { id: 2147483717 } transient failed\n- Original file () outside project (file:///home/)] {\n  code: 'GenericFailure'\n}... [truncated]
2026-03-04T00:49:01.178Z [network][POST 0] https://xzswudblciczfagmdavy.supabase.co/auth/v1/signup
  request: {"email":"jgouiza@gmail.com","password":"Jad2009*","data":{"referred_by":null},"gotrue_meta_security":{},"code_challenge":null,"code_challenge_method":null}
  response: Request failed: Failed to fetch
2026-03-04T00:49:01.422Z [network][POST 200] /__nextjs_original-stack-frames
  request: {"frames":[{"file":"https://3000-f30fa3c3-90b3-4554-b5fe-9b020627dc8e.orchids.cloud/","methodName":"window.fetch","arguments":[],"lineNumber":23,"column":19},{"file":"https://slelguoygbfzlpylpxfs.supabase.co/storage/v1/object/public/scripts/orchids-browser-logs.js","methodName":"window.fetch","arguments":[],"lineNumber":223,"column":46},{"file":"file:///home/user/app/.next/static/chunks/45749_%40supabase_auth-js_dist_module_3127f8d2._.js","methodName":"<unknown>","arguments":[],"lineNumber":542,"column":23},{"file":"file:///home/user/app/.next/static/chunks/45749_%40supabase_auth-js_dist_module_3127f8d2._.js","methodName":"_handleRequest","arguments":[],"lineNumber":890,"column":24},{"file":"file:///home/user/app/.next/static/chunks/45749_%40supabase_auth-js_dist_module_3127f8d2._.js","methodName":"_request","arguments":[],"lineNumber":877,"column":24},{"file":"file:///home/user/app/.next/static/chunks/45749_%40supabase_auth-js_dist_module_3127f8d2._.js","methodName":"SupabaseAuthClient.signUp","arguments":[],"lineNumber":3041,"column":234},{"file":"file:///home/user/app/.next/static/chunks/user_app_src_components_beb614a2._.js","methodName":"handleAuth","arguments":[],"lineNumber":5261,"column":201},{"file":"file:///home/user/app/.next/static/chunks/45749_next_dist_compiled_19d9bb24._.js","methodName":"executeDispatch","arguments":[],"lineNumber":10906,"column":13},{"file":"file:///home/user/app/.next/static/chunks/45749_next_dist_compiled_19d9bb24._.js","methodName":"runWithFiberInDEV","arguments":[],"lineNumber":3073,"column":74},{"file":"file:///home/user/app/.next/static/chunks/45749_next_dist_compiled_19d9bb24._.js","methodName":"processDispatchQueue","arguments":[],"lineNumber":10932,"column":41},{"file":"file:///home/user/app/.next/static/chunks/45749_next_dist_compiled_19d9bb24._.js","methodName":"<unknown>","arguments":[],"lineNumber":11223,"column":13},{"file":"file:///home/user/app/.next/static/chunks/45749_next_dist_compiled_19d9bb24._.js","methodName":... [truncated]
  response: [{"status":"rejected","reason":"[Error: Unknown url scheme\n\nDebug info:\n- Execution of TaskId { id: 2147483730 } transient failed\n- Execution of get_source_map_operation failed\n- Execution of get_source_map_rope failed\n- Unknown url scheme] {\n  code: 'GenericFailure'\n}"},{"status":"rejected","reason":"[Error: Unknown url scheme\n\nDebug info:\n- Execution of TaskId { id: 2147483732 } transient failed\n- Execution of get_source_map_operation failed\n- Execution of get_source_map_rope failed\n- Unknown url scheme] {\n  code: 'GenericFailure'\n}"},{"status":"rejected","reason":"[Error: Original file (../../../src/lib/helpers.ts) outside project (file:///home/)\n\nDebug info:\n- Execution of TaskId { id: 2147483731 } transient failed\n- Original file (../../../src/lib/helpers.ts) outside project (file:///home/)] {\n  code: 'GenericFailure'\n}"},{"status":"rejected","reason":"[Error: Original file (../../../src/lib/fetch.ts) outside project (file:///home/)\n\nDebug info:\n- Execution of TaskId { id: 2147483733 } transient failed\n- Original file (../../../src/lib/fetch.ts) outside project (file:///home/)] {\n  code: 'GenericFailure'\n}"},{"status":"rejected","reason":"[Error: Original file (../../../src/lib/fetch.ts) outside project (file:///home/)\n\nDebug info:\n- Execution of TaskId { id: 2147483738 } transient failed\n- Original file (../../../src/lib/fetch.ts) outside project (file:///home/)] {\n  code: 'GenericFailure'\n}"},{"status":"rejected","reason":"[Error: Original file (../../src/GoTrueClient.ts) outside project (file:///home/)\n\nDebug info:\n- Execution of TaskId { id: 2147483734 } transient failed\n- Original file (../../src/GoTrueClient.ts) outside project (file:///home/)] {\n  code: 'GenericFailure'\n}"},{"status":"rejected","reason":"[Error: Original file () outside project (file:///home/)\n\nDebug info:\n- Execution of TaskId { id: 2147483735 } transient failed\n- Original file () outside project (file:///home/)] {\n  code: 'GenericFailure'\n}... [truncated]
2026-03-04T00:49:19.196Z [network][POST 0] https://xzswudblciczfagmdavy.supabase.co/auth/v1/token?grant_type=password
  request: {"email":"reversydos@gmail.com","password":"Jad2009*","gotrue_meta_security":{}}
  response: Request failed: Failed to fetch
2026-03-04T00:49:19.382Z [network][POST 200] /__nextjs_original-stack-frames
  request: {"frames":[{"file":"https://3000-f30fa3c3-90b3-4554-b5fe-9b020627dc8e.orchids.cloud/","methodName":"window.fetch","arguments":[],"lineNumber":23,"column":19},{"file":"https://slelguoygbfzlpylpxfs.supabase.co/storage/v1/object/public/scripts/orchids-browser-logs.js","methodName":"window.fetch","arguments":[],"lineNumber":223,"column":46},{"file":"file:///home/user/app/.next/static/chunks/45749_%40supabase_auth-js_dist_module_3127f8d2._.js","methodName":"<unknown>","arguments":[],"lineNumber":542,"column":23},{"file":"file:///home/user/app/.next/static/chunks/45749_%40supabase_auth-js_dist_module_3127f8d2._.js","methodName":"_handleRequest","arguments":[],"lineNumber":890,"column":24},{"file":"file:///home/user/app/.next/static/chunks/45749_%40supabase_auth-js_dist_module_3127f8d2._.js","methodName":"_request","arguments":[],"lineNumber":877,"column":24},{"file":"file:///home/user/app/.next/static/chunks/45749_%40supabase_auth-js_dist_module_3127f8d2._.js","methodName":"SupabaseAuthClient.signInWithPassword","arguments":[],"lineNumber":3124,"column":234},{"file":"file:///home/user/app/.next/static/chunks/user_app_src_components_beb614a2._.js","methodName":"handleAuth","arguments":[],"lineNumber":5254,"column":195},{"file":"file:///home/user/app/.next/static/chunks/45749_next_dist_compiled_19d9bb24._.js","methodName":"executeDispatch","arguments":[],"lineNumber":10906,"column":13},{"file":"file:///home/user/app/.next/static/chunks/45749_next_dist_compiled_19d9bb24._.js","methodName":"runWithFiberInDEV","arguments":[],"lineNumber":3073,"column":74},{"file":"file:///home/user/app/.next/static/chunks/45749_next_dist_compiled_19d9bb24._.js","methodName":"processDispatchQueue","arguments":[],"lineNumber":10932,"column":41},{"file":"file:///home/user/app/.next/static/chunks/45749_next_dist_compiled_19d9bb24._.js","methodName":"<unknown>","arguments":[],"lineNumber":11223,"column":13},{"file":"file:///home/user/app/.next/static/chunks/45749_next_dist_compiled_19d9bb24._.js","... [truncated]
  response: [{"status":"rejected","reason":"[Error: Unknown url scheme\n\nDebug info:\n- Execution of TaskId { id: 2147483747 } transient failed\n- Execution of get_source_map_operation failed\n- Execution of get_source_map_rope failed\n- Unknown url scheme] {\n  code: 'GenericFailure'\n}"},{"status":"rejected","reason":"[Error: Unknown url scheme\n\nDebug info:\n- Execution of TaskId { id: 2147483750 } transient failed\n- Execution of get_source_map_operation failed\n- Execution of get_source_map_rope failed\n- Unknown url scheme] {\n  code: 'GenericFailure'\n}"},{"status":"rejected","reason":"[Error: Original file (../../../src/lib/helpers.ts) outside project (file:///home/)\n\nDebug info:\n- Execution of TaskId { id: 2147483751 } transient failed\n- Original file (../../../src/lib/helpers.ts) outside project (file:///home/)] {\n  code: 'GenericFailure'\n}"},{"status":"rejected","reason":"[Error: Original file (../../../src/lib/fetch.ts) outside project (file:///home/)\n\nDebug info:\n- Execution of TaskId { id: 2147483748 } transient failed\n- Original file (../../../src/lib/fetch.ts) outside project (file:///home/)] {\n  code: 'GenericFailure'\n}"},{"status":"rejected","reason":"[Error: Original file (../../../src/lib/fetch.ts) outside project (file:///home/)\n\nDebug info:\n- Execution of TaskId { id: 2147483749 } transient failed\n- Original file (../../../src/lib/fetch.ts) outside project (file:///home/)] {\n  code: 'GenericFailure'\n}"},{"status":"rejected","reason":"[Error: Original file (../../src/GoTrueClient.ts) outside project (file:///home/)\n\nDebug info:\n- Execution of TaskId { id: 2147483752 } transient failed\n- Original file (../../src/GoTrueClient.ts) outside project (file:///home/)] {\n  code: 'GenericFailure'\n}"},{"status":"rejected","reason":"[Error: Original file () outside project (file:///home/)\n\nDebug info:\n- Execution of TaskId { id: 2147483753 } transient failed\n- Original file () outside project (file:///home/)] {\n  code: 'GenericFailure'\n}... [truncated]
2026-03-05T07:00:00.753Z [console][error] Portal error: {}
2026-03-05T07:00:12.847Z [console][error] {}
2026-03-05T07:11:03.231Z [console][error] {}
2026-03-05T07:47:31.743Z [network][PUT 200] /api/referral/apply
  response: {"ok":true,"message":"No active referral"}
2026-03-05T07:47:31.772Z [network][GET 200] /api/subscription?userId=4a96e06c-ef68-4d98-8904-e090609a1310
  response: {"plan_type":"premium","subscription_status":"active","current_period_end":"2030-03-17T17:46:40.000Z","cancel_at_period_end":false,"source":"paid","stripe_subscription_id":"sub_test"}
2026-03-05T07:47:31.790Z [network][GET 200] https://xzswudblciczfagmdavy.supabase.co/rest/v1/profiles?select=premium_until&id=eq.4a96e06c-ef68-4d98-8904-e090609a1310
2026-03-05T07:47:31.790Z [network][GET 200] https://xzswudblciczfagmdavy.supabase.co/rest/v1/profiles?select=*&id=eq.4a96e06c-ef68-4d98-8904-e090609a1310
2026-03-05T07:47:31.801Z [network][POST 200] https://xzswudblciczfagmdavy.supabase.co/rest/v1/activity_logs?on_conflict=user_id%2Cactivity_date
  request: {"user_id":"4a96e06c-ef68-4d98-8904-e090609a1310","activity_date":"2026-03-05"}
2026-03-05T07:47:31.801Z [network][POST 200] https://xzswudblciczfagmdavy.supabase.co/rest/v1/activity_logs?on_conflict=user_id%2Cactivity_date
  request: {"user_id":"4a96e06c-ef68-4d98-8904-e090609a1310","activity_date":"2026-03-05"}
2026-03-05T07:47:31.855Z [network][GET 200] https://xzswudblciczfagmdavy.supabase.co/rest/v1/profiles?select=premium_until&id=eq.4a96e06c-ef68-4d98-8904-e090609a1310
2026-03-05T07:47:31.855Z [network][GET 200] https://xzswudblciczfagmdavy.supabase.co/rest/v1/profiles?select=*&id=eq.4a96e06c-ef68-4d98-8904-e090609a1310
2026-03-05T07:47:31.858Z [network][GET 200] https://xzswudblciczfagmdavy.supabase.co/rest/v1/stack_items?select=*&user_id=eq.4a96e06c-ef68-4d98-8904-e090609a1310
  response: []
2026-03-05T07:47:31.865Z [network][GET 200] /api/research
  response: {"research":[{"id":"8538ca11-581c-4b39-93de-773403e6fa15","type":"news","title":"BPC-157 & TB-500: New 2025 Systematic Review","description":"A 2025 review in the Journal of Peptide Science confirms synergistic effects of BPC-157 and TB-500 on tendon healing and tissue repair via nitric oxide modulation. Verified on Mar 5, 2026","source_url":"https://pmc.ncbi.nlm.nih.gov/articles/PMC11857380/","tags":["Peptides","Repair"],"updated_at":"2026-03-05T06:45:09.283+00:00","created_at":"2025-12-26T06:57:21.464185+00:00"},{"id":"74735b01-fa1d-4b59-83a0-fb4b162312e8","type":"news","title":"NMN Supplementation: Meta-Analysis 2025","description":"Comprehensive 2025 meta-analysis confirms NMN significantly raises blood NAD+ levels in humans, though metabolic improvements vary by dose (600mg+ optimal). Verified on Mar 5, 2026","source_url":"https://pmc.ncbi.nlm.nih.gov/articles/PMC11557618/","tags":["NAD+","Longevity"],"updated_at":"2026-03-05T06:45:09.209+00:00","created_at":"2025-12-26T06:57:21.464185+00:00"},{"id":"6aab8908-fdcb-47f7-a98b-f12cf87a444d","type":"news","title":"FDA Update on Peptide Compounding 2025","description":"Current FDA Category 2 list status for BPC-157 and other peptide substances in compounding pharmacies, highlighting safety review requirements. Verified on Mar 5, 2026","source_url":"https://www.fda.gov/drugs/human-drug-compounding/bulk-drug-substances-nominated-use-compounding-under-section-503b","tags":["Regulatory"],"updated_at":"2026-03-05T06:45:09.134+00:00","created_at":"2025-12-26T06:57:21.464185+00:00"},{"id":"0a99aa31-556a-4fc7-8dd0-4e2ef17cfc79","type":"topic","title":"Standardized Extracts & Bioavailability","description":"Comparative study on how extraction solvents (ethanol vs water) and standardization impact bioavailability of active botanical compounds. Verified on Mar 5, 2026","source_url":"https://pmc.ncbi.nlm.nih.gov/articles/PMC8472411/","tags":["Education","Science"],"updated_at":"2026-03-05T06:45:08.977+00:00","created_at":"2025-... [truncated]
2026-03-05T07:47:31.912Z [network][GET 200] https://xzswudblciczfagmdavy.supabase.co/rest/v1/profiles?select=premium_until&id=eq.4a96e06c-ef68-4d98-8904-e090609a1310
2026-03-05T07:47:31.912Z [network][GET 200] /api/subscription?userId=4a96e06c-ef68-4d98-8904-e090609a1310
  response: {"plan_type":"premium","subscription_status":"active","current_period_end":"2030-03-17T17:46:40.000Z","cancel_at_period_end":false,"source":"paid","stripe_subscription_id":"sub_test"}
2026-03-05T07:47:31.922Z [network][GET 200] https://xzswudblciczfagmdavy.supabase.co/rest/v1/stack_items?select=*&user_id=eq.4a96e06c-ef68-4d98-8904-e090609a1310
  response: []
2026-03-05T07:47:31.922Z [network][GET 200] https://xzswudblciczfagmdavy.supabase.co/rest/v1/logs?select=*&user_id=eq.4a96e06c-ef68-4d98-8904-e090609a1310&order=timestamp.desc
  response: []
2026-03-05T07:47:31.967Z [network][GET 200] https://xzswudblciczfagmdavy.supabase.co/rest/v1/profiles?select=premium_until&id=eq.4a96e06c-ef68-4d98-8904-e090609a1310
2026-03-05T07:47:31.980Z [network][GET 200] https://xzswudblciczfagmdavy.supabase.co/rest/v1/logs?select=*&user_id=eq.4a96e06c-ef68-4d98-8904-e090609a1310&order=timestamp.desc
  response: []
2026-03-05T07:47:31.988Z [network][GET 200] https://xzswudblciczfagmdavy.supabase.co/rest/v1/symptom_logs?select=*&user_id=eq.4a96e06c-ef68-4d98-8904-e090609a1310&order=timestamp.desc
  response: []
2026-03-05T07:47:32.019Z [network][GET 200] https://xzswudblciczfagmdavy.supabase.co/rest/v1/profiles?select=premium_until&id=eq.4a96e06c-ef68-4d98-8904-e090609a1310
2026-03-05T07:47:32.043Z [network][GET 200] https://xzswudblciczfagmdavy.supabase.co/rest/v1/symptom_logs?select=*&user_id=eq.4a96e06c-ef68-4d98-8904-e090609a1310&order=timestamp.desc
  response: []
2026-03-05T07:47:32.044Z [network][GET 200] https://xzswudblciczfagmdavy.supabase.co/rest/v1/weight_history?select=*&user_id=eq.4a96e06c-ef68-4d98-8904-e090609a1310
  response: [{"id":"46949917-1afa-4099-82af-4d93b69fbd21","user_id":"4a96e06c-ef68-4d98-8904-e090609a1310","date":"Thu","weight":76,"body_fat":null}]
2026-03-05T07:47:32.066Z [network][GET 200] /api/subscription?userId=4a96e06c-ef68-4d98-8904-e090609a1310
  response: {"plan_type":"premium","subscription_status":"active","current_period_end":"2030-03-17T17:46:40.000Z","cancel_at_period_end":false,"source":"paid","stripe_subscription_id":"sub_test"}
2026-03-05T07:47:32.087Z [network][GET 200] https://xzswudblciczfagmdavy.supabase.co/rest/v1/profiles?select=premium_until&id=eq.4a96e06c-ef68-4d98-8904-e090609a1310
2026-03-05T07:47:32.099Z [network][GET 200] https://xzswudblciczfagmdavy.supabase.co/rest/v1/weight_history?select=*&user_id=eq.4a96e06c-ef68-4d98-8904-e090609a1310
  response: [{"id":"46949917-1afa-4099-82af-4d93b69fbd21","user_id":"4a96e06c-ef68-4d98-8904-e090609a1310","date":"Thu","weight":76,"body_fat":null}]
2026-03-05T07:47:32.104Z [network][GET 200] https://xzswudblciczfagmdavy.supabase.co/rest/v1/bloodwork_history?select=*&user_id=eq.4a96e06c-ef68-4d98-8904-e090609a1310
  response: []
2026-03-05T07:47:32.270Z [network][GET 200] https://xzswudblciczfagmdavy.supabase.co/rest/v1/bloodwork_history?select=*&user_id=eq.4a96e06c-ef68-4d98-8904-e090609a1310
  response: []
2026-03-05T07:47:32.270Z [network][GET 200] /api/subscription?userId=4a96e06c-ef68-4d98-8904-e090609a1310
  response: {"plan_type":"premium","subscription_status":"active","current_period_end":"2030-03-17T17:46:40.000Z","cancel_at_period_end":false,"source":"paid","stripe_subscription_id":"sub_test"}
2026-03-05T07:47:32.395Z [network][GET 200] /api/subscription?userId=4a96e06c-ef68-4d98-8904-e090609a1310
  response: {"plan_type":"premium","subscription_status":"active","current_period_end":"2030-03-17T17:46:40.000Z","cancel_at_period_end":false,"source":"paid","stripe_subscription_id":"sub_test"}
2026-03-05T07:47:32.563Z [network][GET 200] /api/subscription?userId=4a96e06c-ef68-4d98-8904-e090609a1310
  response: {"plan_type":"premium","subscription_status":"active","current_period_end":"2030-03-17T17:46:40.000Z","cancel_at_period_end":false,"source":"paid","stripe_subscription_id":"sub_test"}
2026-03-05T07:47:35.684Z [network][POST 200] https://xzswudblciczfagmdavy.supabase.co/rest/v1/profiles
  request: {"id":"4a96e06c-ef68-4d98-8904-e090609a1310","email":"jgouiza@gmail.com","experience_level":"","interests":[],"age":"14","weight":"76","height":"122","gender":"","body_fat":"","goal":"Longevity","onboarded":true,"premium_until":"2030-03-17T17:46:40+00:00","updated_at":"2026-03-05T07:47:35.616Z"}
2026-03-05T07:47:35.846Z [network][POST 200] https://xzswudblciczfagmdavy.supabase.co/rest/v1/weight_history?on_conflict=user_id%2Cdate&columns=%22user_id%22%2C%22date%22%2C%22weight%22%2C%22body_fat%22
  request: [{"user_id":"4a96e06c-ef68-4d98-8904-e090609a1310","date":"Thu","weight":76}]
